[01m[Kcc1plus:[m[K [01;31m[Kfatal error: [m[K/home/jblevins32/IRR3/src/chase_object/chase_object_pubsub/chase_object_pubsub.cpp: No such file or directory
compilation terminated.
gmake[2]: *** [CMakeFiles/chase_object_pubsub.dir/build.make:76: CMakeFiles/chase_object_pubsub.dir/chase_object_pubsub/chase_object_pubsub.cpp.o] Error 1
gmake[1]: *** [CMakeFiles/Makefile2:139: CMakeFiles/chase_object_pubsub.dir/all] Error 2
gmake[1]: *** Waiting for unfinished jobs....
[01m[Kcc1plus:[m[K [01;31m[Kfatal error: [m[K/home/jblevins32/IRR3/src/chase_object/chase_object_pubsub/test_publisher.cpp: No such file or directory
compilation terminated.
gmake[2]: *** [CMakeFiles/test_publisher.dir/build.make:76: CMakeFiles/test_publisher.dir/chase_object_pubsub/test_publisher.cpp.o] Error 1
gmake[1]: *** [CMakeFiles/Makefile2:165: CMakeFiles/test_publisher.dir/all] Error 2
gmake: *** [Makefile:146: all] Error 2
[35m[1mConsolidate compiler generated dependencies of target chase_object_pubsub[0m
[35m[1mConsolidate compiler generated dependencies of target test_publisher[0m
[ 25%] [32mBuilding CXX object CMakeFiles/chase_object_pubsub.dir/chase_object_pubsub/chase_object_pubsub.cpp.o[0m
[ 50%] [32mBuilding CXX object CMakeFiles/test_publisher.dir/chase_object_pubsub/test_publisher.cpp.o[0m
